

Started GET "/" for 127.0.0.1 at 2012-06-12 14:03:59 -0400

SQLite3::CantOpenException (unable to open database file):
  

Rendered /home/jax/.rvm/gems/ruby-1.9.3-p194/gems/actionpack-3.1.4/lib/action_dispatch/middleware/templates/rescues/_trace.erb (0.8ms)
Rendered /home/jax/.rvm/gems/ruby-1.9.3-p194/gems/actionpack-3.1.4/lib/action_dispatch/middleware/templates/rescues/_request_and_response.erb (22.7ms)
Rendered /home/jax/.rvm/gems/ruby-1.9.3-p194/gems/actionpack-3.1.4/lib/action_dispatch/middleware/templates/rescues/diagnostics.erb within rescues/layout (36.2ms)


Started GET "/" for 127.0.0.1 at 2014-09-29 20:13:44 +0100
  Processing by DemoController#index as HTML
Rendered demo/index.html.erb within layouts/application (24.0ms)
Completed 200 OK in 1095ms (Views: 180.1ms | ActiveRecord: 0.0ms)


Started GET "/" for 127.0.0.1 at 2014-09-29 20:33:06 +0100

ActionController::RoutingError (undefined local variable or method `env' for DemoController:Class):
  app/controllers/demo_controller.rb:4:in `<class:DemoController>'
  app/controllers/demo_controller.rb:1:in `<top (required)>'

Rendered C:/Ruby193/lib/ruby/gems/1.9.1/gems/actionpack-3.1.4/lib/action_dispatch/middleware/templates/rescues/routing_error.erb within rescues/layout (18.0ms)


Started GET "/" for 127.0.0.1 at 2014-09-29 20:33:56 +0100

ActionController::RoutingError (undefined local variable or method `env' for ApplicationHelper:Module):
  app/helpers/application_helper.rb:3:in `<module:ApplicationHelper>'
  app/helpers/application_helper.rb:1:in `<top (required)>'
  app/controllers/application_controller.rb:1:in `<top (required)>'
  app/controllers/demo_controller.rb:1:in `<top (required)>'

Rendered C:/Ruby193/lib/ruby/gems/1.9.1/gems/actionpack-3.1.4/lib/action_dispatch/middleware/templates/rescues/routing_error.erb within rescues/layout (1.0ms)


Started GET "/" for 127.0.0.1 at 2014-09-29 20:33:57 +0100

ActionController::RoutingError (undefined local variable or method `env' for ApplicationHelper:Module):
  app/helpers/application_helper.rb:3:in `<module:ApplicationHelper>'
  app/helpers/application_helper.rb:1:in `<top (required)>'
  app/controllers/application_controller.rb:1:in `<top (required)>'
  app/controllers/demo_controller.rb:1:in `<top (required)>'

Rendered C:/Ruby193/lib/ruby/gems/1.9.1/gems/actionpack-3.1.4/lib/action_dispatch/middleware/templates/rescues/routing_error.erb within rescues/layout (1.0ms)


Started GET "/" for 127.0.0.1 at 2014-09-29 20:34:04 +0100

ActionController::RoutingError (undefined local variable or method `env' for ApplicationHelper:Module):
  app/helpers/application_helper.rb:3:in `<module:ApplicationHelper>'
  app/helpers/application_helper.rb:1:in `<top (required)>'
  app/controllers/application_controller.rb:1:in `<top (required)>'
  app/controllers/demo_controller.rb:1:in `<top (required)>'

Rendered C:/Ruby193/lib/ruby/gems/1.9.1/gems/actionpack-3.1.4/lib/action_dispatch/middleware/templates/rescues/routing_error.erb within rescues/layout (1.0ms)


Started GET "/" for 127.0.0.1 at 2014-09-29 20:34:07 +0100

ActionController::RoutingError (undefined local variable or method `env' for ApplicationHelper:Module):
  app/helpers/application_helper.rb:3:in `<module:ApplicationHelper>'
  app/helpers/application_helper.rb:1:in `<top (required)>'
  app/controllers/application_controller.rb:1:in `<top (required)>'
  app/controllers/demo_controller.rb:1:in `<top (required)>'

Rendered C:/Ruby193/lib/ruby/gems/1.9.1/gems/actionpack-3.1.4/lib/action_dispatch/middleware/templates/rescues/routing_error.erb within rescues/layout (1.0ms)


Started GET "/" for 127.0.0.1 at 2014-09-29 20:34:45 +0100

ActionController::RoutingError (undefined local variable or method `env' for ApplicationHelper:Module):
  app/helpers/application_helper.rb:3:in `<module:ApplicationHelper>'
  app/helpers/application_helper.rb:1:in `<top (required)>'
  app/controllers/application_controller.rb:1:in `<top (required)>'
  app/controllers/demo_controller.rb:1:in `<top (required)>'

Rendered C:/Ruby193/lib/ruby/gems/1.9.1/gems/actionpack-3.1.4/lib/action_dispatch/middleware/templates/rescues/routing_error.erb within rescues/layout (18.0ms)


Started GET "/" for 127.0.0.1 at 2014-09-29 20:35:55 +0100
  Processing by DemoController#index as HTML
Rendered demo/index.html.erb within layouts/application (2.0ms)
Completed 200 OK in 40ms (Views: 40.0ms | ActiveRecord: 0.0ms)


Started GET "/" for 127.0.0.1 at 2014-09-29 20:49:22 +0100
  Processing by DemoController#index as HTML
Rendered demo/index.html.erb within layouts/application (0.0ms)
Completed 200 OK in 47ms (Views: 46.9ms | ActiveRecord: 0.0ms)


Started GET "/" for 127.0.0.1 at 2014-09-29 20:54:06 +0100

ActionController::RoutingError (undefined local variable or method `env' for DemoController:Class):
  app/controllers/demo_controller.rb:3:in `<class:DemoController>'
  app/controllers/demo_controller.rb:1:in `<top (required)>'

Rendered C:/Ruby193/lib/ruby/gems/1.9.1/gems/actionpack-3.1.4/lib/action_dispatch/middleware/templates/rescues/routing_error.erb within rescues/layout (0.0ms)


Started GET "/" for 127.0.0.1 at 2014-09-29 20:55:14 +0100

ActionController::RoutingError (undefined local variable or method `env' for DemoController:Class):
  app/controllers/demo_controller.rb:3:in `<class:DemoController>'
  app/controllers/demo_controller.rb:1:in `<top (required)>'

Rendered C:/Ruby193/lib/ruby/gems/1.9.1/gems/actionpack-3.1.4/lib/action_dispatch/middleware/templates/rescues/routing_error.erb within rescues/layout (0.0ms)


Started GET "/" for 127.0.0.1 at 2014-09-29 20:55:21 +0100
  Processing by DemoController#index as HTML
Rendered demo/index.html.erb within layouts/application (0.0ms)
Completed 200 OK in 31ms (Views: 31.2ms | ActiveRecord: 0.0ms)


Started GET "/" for 127.0.0.1 at 2014-10-06 16:41:59 +0100
  Processing by DemoController#index as HTML
Rendered demo/index.html.erb within layouts/application (25.0ms)
Completed 200 OK in 712ms (Views: 242.9ms | ActiveRecord: 0.0ms)
